<?xml version="1.0" encoding="UTF-8"?>
<!-- Generated by org.testng.reporters.JUnitXMLReporter -->
<testsuite ignored="0" hostname="DESKTOP-B8P668K" failures="0" tests="7" name="Test" time="44.009" errors="0" timestamp="2024-02-17T10:17:07 IST">
  <testcase classname="apack.classFive" name="classfive" time="0.035"/>
  <testcase classname="apack.classSeven" name="classSevenOne" time="23.832"/>
  <testcase classname="apack.classSeven" name="classSevenTwo" time="15.826"/>
  <testcase classname="apack.classSeven" name="flipkart" time="0.007"/>
  <testcase classname="apack.classSeven" name="macys" time="0.011"/>
  <testcase classname="apack.classSeven" name="walmart" time="4.035"/>
  <testcase classname="apack.classSeven" name="amazon" time="0.008"/>
</testsuite> <!-- Test -->
