<?xml version="1.0" encoding="UTF-8"?>
<!-- Generated by org.testng.reporters.JUnitXMLReporter -->
<testsuite ignored="0" hostname="DESKTOP-B8P668K" failures="0" tests="5" name="credit/debitcards" time="0.141" errors="0" timestamp="2024-02-16T14:23:40 IST">
  <testcase classname="vpack.classThree" name="classthree" time="0.005"/>
  <testcase classname="tpack.AnnotationsDemo" name="testRegistration" time="0.006"/>
  <testcase classname="tpack.AnnotationsDemo" name="testLogin" time="0.003"/>
  <testcase classname="tpack.AnnotationsDemo" name="testHomePage" time="0.022"/>
  <testcase classname="vpack.classTwo" name="classTwo" time="0.012"/>
</testsuite> <!-- credit/debitcards -->
