<?xml version="1.0" encoding="UTF-8"?>
<!-- Generated by org.testng.reporters.JUnitXMLReporter -->
<testsuite ignored="2" hostname="DESKTOP-B8P668K" failures="0" tests="2" name="netbanking" time="0.206" errors="0" timestamp="2024-02-16T16:07:35 IST">
  <testcase classname="wpack.classFour" name="classfour" time="0.032"/>
  <testcase classname="wpack.classFour" name="classfourThree" time="0.004"/>
  <testcase classname="wpack.classFour" name="classfourOne" time="0.0">
    <ignored/>
  </testcase> <!-- classfourOne -->
  <testcase classname="wpack.classFour" name="classfourTwo" time="0.0">
    <ignored/>
  </testcase> <!-- classfourTwo -->
</testsuite> <!-- netbanking -->
