<?xml version="1.0" encoding="UTF-8"?>
<!-- Generated by org.testng.reporters.JUnitXMLReporter -->
<testsuite ignored="4" hostname="DESKTOP-B8P668K" failures="0" tests="2" name="smoketests" time="0.262" errors="0" timestamp="2024-02-16T16:26:07 IST">
  <testcase classname="vpack.classThree" name="classthree" time="0.06"/>
  <testcase classname="wpack.classFour" name="classfourOne" time="0.013"/>
  <testcase classname="wpack.classFour" name="classfour" time="0.0">
    <ignored/>
  </testcase> <!-- classfour -->
  <testcase classname="wpack.classFour" name="classfourTwo" time="0.0">
    <ignored/>
  </testcase> <!-- classfourTwo -->
  <testcase classname="wpack.classFour" name="classfourThree" time="0.0">
    <ignored/>
  </testcase> <!-- classfourThree -->
  <testcase classname="vpack.classTwo" name="classTwo" time="0.0">
    <ignored/>
  </testcase> <!-- classTwo -->
</testsuite> <!-- smoketests -->
