<?xml version="1.0" encoding="UTF-8"?>
<!-- Generated by org.testng.reporters.JUnitXMLReporter -->
<testsuite ignored="0" hostname="DESKTOP-B8P668K" failures="0" tests="7" name="Test" time="0.598" errors="0" timestamp="2024-02-16T14:07:26 IST">
  <testcase classname="wpack.classSix" name="classsix" time="0.062"/>
  <testcase classname="wpack.classFive" name="classfive" time="0.006"/>
  <testcase classname="wpack.classFour" name="classfour" time="0.006"/>
  <testcase classname="vpack.classThree" name="classthree" time="0.008"/>
  <testcase classname="tpack.AnnotationsDemo" name="testRegistration" time="0.026"/>
  <testcase classname="tpack.AnnotationsDemo" name="testLogin" time="0.008"/>
  <testcase classname="tpack.AnnotationsDemo" name="testHomePage" time="0.012"/>
</testsuite> <!-- Test -->
