<?xml version="1.0" encoding="UTF-8"?>
<testng-results ignored="0" total="4" passed="4" failed="0" skipped="0">
  <reporter-output>
  </reporter-output>
  <suite started-at="2024-02-17T22:30:42 IST" name="Suite" finished-at="2024-02-17T22:32:11 IST" duration-ms="88667">
    <groups>
    </groups>
    <test started-at="2024-02-17T22:30:42 IST" name="Test" finished-at="2024-02-17T22:32:11 IST" duration-ms="88667">
      <class name="tpack.ThreeTest">
        <test-method signature="mThree()[pri:0, instance:tpack.ThreeTest@6150c3ec]" started-at="2024-02-17T22:32:11 IST" name="mThree" finished-at="2024-02-17T22:32:11 IST" duration-ms="36" status="PASS">
          <reporter-output>
          </reporter-output>
        </test-method> <!-- mThree -->
      </class> <!-- tpack.ThreeTest -->
      <class name="tpack.FourtTest">
        <test-method signature="mFour()[pri:0, instance:tpack.FourtTest@44c03695]" started-at="2024-02-17T22:32:11 IST" name="mFour" finished-at="2024-02-17T22:32:11 IST" duration-ms="33" status="PASS">
          <reporter-output>
          </reporter-output>
        </test-method> <!-- mFour -->
      </class> <!-- tpack.FourtTest -->
      <class name="tpack.OneTest">
        <test-method signature="testOne()[pri:0, instance:tpack.OneTest@4218d6a3]" started-at="2024-02-17T22:30:43 IST" name="testOne" finished-at="2024-02-17T22:32:09 IST" duration-ms="85901" status="PASS">
          <reporter-output>
          </reporter-output>
        </test-method> <!-- testOne -->
        <test-method is-config="true" signature="closure()[pri:0, instance:tpack.OneTest@4218d6a3]" started-at="2024-02-17T22:32:09 IST" name="closure" finished-at="2024-02-17T22:32:11 IST" duration-ms="2102" status="PASS">
          <reporter-output>
          </reporter-output>
        </test-method> <!-- closure -->
      </class> <!-- tpack.OneTest -->
      <class name="tpack.TwoTest">
        <test-method signature="mTwo()[pri:0, instance:tpack.TwoTest@7e6f74c]" started-at="2024-02-17T22:32:11 IST" name="mTwo" finished-at="2024-02-17T22:32:11 IST" duration-ms="12" status="PASS">
          <reporter-output>
          </reporter-output>
        </test-method> <!-- mTwo -->
      </class> <!-- tpack.TwoTest -->
    </test> <!-- Test -->
  </suite> <!-- Suite -->
</testng-results>
