<?xml version="1.0" encoding="UTF-8"?>
<!-- Generated by org.testng.reporters.JUnitXMLReporter -->
<testsuite ignored="0" hostname="DESKTOP-B8P668K" failures="0" tests="4" name="Default test" time="5.075" errors="0" timestamp="2024-02-16T17:16:26 IST">
  <testcase classname="wpack.classSeven" name="flipkart" time="0.163"/>
  <testcase classname="wpack.classSeven" name="macys" time="0.008"/>
  <testcase classname="wpack.classSeven" name="walmart" time="4.103"/>
  <testcase classname="wpack.classSeven" name="amazon" time="0.008"/>
</testsuite> <!-- Default test -->
