<?xml version="1.0" encoding="UTF-8"?>
<!-- Generated by org.testng.reporters.JUnitXMLReporter -->
<testsuite ignored="0" hostname="DESKTOP-B8P668K" failures="0" tests="4" name="Test" time="88.667" errors="0" timestamp="2024-02-17T22:32:11 IST">
  <testcase classname="tpack.OneTest" name="testOne" time="85.901"/>
  <testcase classname="tpack.ThreeTest" name="mThree" time="0.036"/>
  <testcase classname="tpack.FourtTest" name="mFour" time="0.033"/>
  <testcase classname="tpack.TwoTest" name="mTwo" time="0.012"/>
</testsuite> <!-- Test -->
