<?xml version="1.0" encoding="UTF-8"?>
<testng-results ignored="0" total="4" passed="4" failed="0" skipped="0">
  <reporter-output>
  </reporter-output>
  <suite started-at="2024-02-16T17:16:20 IST" name="Default suite" finished-at="2024-02-16T17:16:25 IST" duration-ms="5075">
    <groups>
    </groups>
    <test started-at="2024-02-16T17:16:20 IST" name="Default test" finished-at="2024-02-16T17:16:25 IST" duration-ms="5075">
      <class name="wpack.classSeven">
        <test-method signature="flipkart()[pri:0, instance:wpack.classSeven@1b7cc17c]" started-at="2024-02-16T17:16:20 IST" name="flipkart" finished-at="2024-02-16T17:16:21 IST" duration-ms="163" status="PASS">
          <reporter-output>
          </reporter-output>
        </test-method> <!-- flipkart -->
        <test-method signature="macys()[pri:0, instance:wpack.classSeven@1b7cc17c]" started-at="2024-02-16T17:16:21 IST" name="macys" finished-at="2024-02-16T17:16:21 IST" duration-ms="8" status="PASS">
          <reporter-output>
          </reporter-output>
        </test-method> <!-- macys -->
        <test-method signature="walmart()[pri:0, instance:wpack.classSeven@1b7cc17c]" started-at="2024-02-16T17:16:21 IST" name="walmart" finished-at="2024-02-16T17:16:25 IST" duration-ms="4103" status="PASS">
          <reporter-output>
          </reporter-output>
        </test-method> <!-- walmart -->
        <test-method signature="amazon()[pri:0, instance:wpack.classSeven@1b7cc17c]" started-at="2024-02-16T17:16:25 IST" name="amazon" finished-at="2024-02-16T17:16:25 IST" depends-on-methods="wpack.classSeven.flipkart, wpack.classSeven.walmart" duration-ms="8" status="PASS">
          <reporter-output>
          </reporter-output>
        </test-method> <!-- amazon -->
      </class> <!-- wpack.classSeven -->
    </test> <!-- Default test -->
  </suite> <!-- Default suite -->
</testng-results>
