<?xml version="1.0" encoding="UTF-8"?>
<testng-results ignored="0" total="3" passed="3" failed="0" skipped="0">
  <reporter-output>
  </reporter-output>
  <suite started-at="2024-02-17T11:11:08 IST" name="Default suite" finished-at="2024-02-17T11:11:09 IST" duration-ms="637">
    <groups>
    </groups>
    <test started-at="2024-02-17T11:11:08 IST" name="Default test" finished-at="2024-02-17T11:11:09 IST" duration-ms="637">
      <class name="apack.DataDrivenDemo">
        <test-method signature="flipkart(java.lang.String,java.lang.String)[pri:0, instance:apack.DataDrivenDemo@293a5bf6]" started-at="2024-02-17T11:11:08 IST" name="flipkart" data-provider="getData" finished-at="2024-02-17T11:11:08 IST" duration-ms="75" status="PASS">
          <params>
            <param index="0">
              <value>
                <![CDATA[arunmotoori]]>
              </value>
            </param>
            <param index="1">
              <value>
                <![CDATA[12345]]>
              </value>
            </param>
          </params>
          <reporter-output>
          </reporter-output>
        </test-method> <!-- flipkart -->
        <test-method signature="flipkart(java.lang.String,java.lang.String)[pri:0, instance:apack.DataDrivenDemo@293a5bf6]" started-at="2024-02-17T11:11:08 IST" name="flipkart" data-provider="getData" finished-at="2024-02-17T11:11:09 IST" duration-ms="24" status="PASS">
          <params>
            <param index="0">
              <value>
                <![CDATA[varun]]>
              </value>
            </param>
            <param index="1">
              <value>
                <![CDATA[6789]]>
              </value>
            </param>
          </params>
          <reporter-output>
          </reporter-output>
        </test-method> <!-- flipkart -->
        <test-method signature="flipkart(java.lang.String,java.lang.String)[pri:0, instance:apack.DataDrivenDemo@293a5bf6]" started-at="2024-02-17T11:11:09 IST" name="flipkart" data-provider="getData" finished-at="2024-02-17T11:11:09 IST" duration-ms="3" status="PASS">
          <params>
            <param index="0">
              <value>
                <![CDATA[tharun]]>
              </value>
            </param>
            <param index="1">
              <value>
                <![CDATA[1111]]>
              </value>
            </param>
          </params>
          <reporter-output>
          </reporter-output>
        </test-method> <!-- flipkart -->
      </class> <!-- apack.DataDrivenDemo -->
    </test> <!-- Default test -->
  </suite> <!-- Default suite -->
</testng-results>
