<?xml version="1.0" encoding="UTF-8"?>
<!-- Generated by org.testng.reporters.JUnitXMLReporter -->
<testsuite ignored="0" hostname="DESKTOP-B8P668K" failures="0" tests="3" name="Default test" time="0.637" errors="0" timestamp="2024-02-17T11:11:09 IST">
  <testcase classname="apack.DataDrivenDemo" name="flipkart" time="0.075"/>
  <testcase classname="apack.DataDrivenDemo" name="flipkart" time="0.024"/>
  <testcase classname="apack.DataDrivenDemo" name="flipkart" time="0.003"/>
</testsuite> <!-- Default test -->
